<?xml version="1.0" encoding="UTF-8"?>
<!-- Generated by org.testng.reporters.JUnitXMLReporter -->
<testsuite ignored="4" hostname="PC-PABLO" failures="0" tests="1" name="Default test" time="0.041" errors="0" timestamp="2021-09-27T17:23:03 ART">
  <testcase classname="demo.DemoAnnotations" name="softAssert" time="0.012"/>
  <testcase classname="demo.DemoAnnotations" name="testBoolean" time="0.0">
    <ignored/>
  </testcase> <!-- testBoolean -->
  <testcase classname="demo.DemoAnnotations" name="hardAssert" time="0.0">
    <ignored/>
  </testcase> <!-- hardAssert -->
  <testcase classname="demo.DemoAnnotations" name="setUp" time="0.0">
    <ignored/>
  </testcase> <!-- setUp -->
  <testcase classname="demo.DemoAnnotations" name="testVerification" time="0.0">
    <ignored/>
  </testcase> <!-- testVerification -->
</testsuite> <!-- Default test -->
