<?xml version="1.0" encoding="UTF-8"?>
<testng-results ignored="0" total="2" passed="2" failed="0" skipped="0">
  <reporter-output>
  </reporter-output>
  <suite started-at="2021-09-26T14:38:11 ART" name="Default suite" finished-at="2021-09-26T14:38:11 ART" duration-ms="36">
    <groups>
    </groups>
    <test started-at="2021-09-26T14:38:11 ART" name="Default test" finished-at="2021-09-26T14:38:11 ART" duration-ms="36">
      <class name="demo.ConfigurationAnnotations">
        <test-method is-config="true" signature="beforeSuite()[pri:0, instance:demo.ConfigurationAnnotations@659a969b]" started-at="2021-09-26T14:38:11 ART" name="beforeSuite" finished-at="2021-09-26T14:38:11 ART" duration-ms="7" status="PASS">
          <reporter-output>
          </reporter-output>
        </test-method> <!-- beforeSuite -->
        <test-method is-config="true" signature="beforeTest()[pri:0, instance:demo.ConfigurationAnnotations@659a969b]" started-at="2021-09-26T14:38:11 ART" name="beforeTest" finished-at="2021-09-26T14:38:11 ART" duration-ms="1" status="PASS">
          <reporter-output>
          </reporter-output>
        </test-method> <!-- beforeTest -->
        <test-method is-config="true" signature="beforeClass()[pri:0, instance:demo.ConfigurationAnnotations@659a969b]" started-at="2021-09-26T14:38:11 ART" name="beforeClass" finished-at="2021-09-26T14:38:11 ART" duration-ms="0" status="PASS">
          <reporter-output>
          </reporter-output>
        </test-method> <!-- beforeClass -->
        <test-method is-config="true" signature="beforeMethod()[pri:0, instance:demo.ConfigurationAnnotations@659a969b]" started-at="2021-09-26T14:38:11 ART" name="beforeMethod" finished-at="2021-09-26T14:38:11 ART" duration-ms="1" status="PASS">
          <reporter-output>
          </reporter-output>
        </test-method> <!-- beforeMethod -->
        <test-method signature="searchCustomer()[pri:0, instance:demo.ConfigurationAnnotations@659a969b]" started-at="2021-09-26T14:38:11 ART" name="searchCustomer" finished-at="2021-09-26T14:38:11 ART" duration-ms="5" status="PASS">
          <reporter-output>
          </reporter-output>
        </test-method> <!-- searchCustomer -->
        <test-method is-config="true" signature="afterMethod()[pri:0, instance:demo.ConfigurationAnnotations@659a969b]" started-at="2021-09-26T14:38:11 ART" name="afterMethod" finished-at="2021-09-26T14:38:11 ART" duration-ms="0" status="PASS">
          <reporter-output>
          </reporter-output>
        </test-method> <!-- afterMethod -->
        <test-method signature="searchProduct()[pri:0, instance:demo.ConfigurationAnnotations@659a969b]" started-at="2021-09-26T14:38:11 ART" name="searchProduct" finished-at="2021-09-26T14:38:11 ART" duration-ms="1" status="PASS">
          <reporter-output>
          </reporter-output>
        </test-method> <!-- searchProduct -->
        <test-method is-config="true" signature="beforeMethod()[pri:0, instance:demo.ConfigurationAnnotations@659a969b]" started-at="2021-09-26T14:38:11 ART" name="beforeMethod" finished-at="2021-09-26T14:38:11 ART" duration-ms="0" status="PASS">
          <reporter-output>
          </reporter-output>
        </test-method> <!-- beforeMethod -->
        <test-method is-config="true" signature="afterClass()[pri:0, instance:demo.ConfigurationAnnotations@659a969b]" started-at="2021-09-26T14:38:11 ART" name="afterClass" finished-at="2021-09-26T14:38:11 ART" duration-ms="0" status="PASS">
          <reporter-output>
          </reporter-output>
        </test-method> <!-- afterClass -->
        <test-method is-config="true" signature="afterMethod()[pri:0, instance:demo.ConfigurationAnnotations@659a969b]" started-at="2021-09-26T14:38:11 ART" name="afterMethod" finished-at="2021-09-26T14:38:11 ART" duration-ms="0" status="PASS">
          <reporter-output>
          </reporter-output>
        </test-method> <!-- afterMethod -->
        <test-method is-config="true" signature="afterTest()[pri:0, instance:demo.ConfigurationAnnotations@659a969b]" started-at="2021-09-26T14:38:11 ART" name="afterTest" finished-at="2021-09-26T14:38:11 ART" duration-ms="0" status="PASS">
          <reporter-output>
          </reporter-output>
        </test-method> <!-- afterTest -->
        <test-method is-config="true" signature="afterSuite()[pri:0, instance:demo.ConfigurationAnnotations@659a969b]" started-at="2021-09-26T14:38:11 ART" name="afterSuite" finished-at="2021-09-26T14:38:11 ART" duration-ms="1" status="PASS">
          <reporter-output>
          </reporter-output>
        </test-method> <!-- afterSuite -->
      </class> <!-- demo.ConfigurationAnnotations -->
    </test> <!-- Default test -->
  </suite> <!-- Default suite -->
</testng-results>
