<?xml version="1.0" encoding="UTF-8"?>
<testng-results ignored="4" total="5" passed="1" failed="0" skipped="0">
  <reporter-output>
  </reporter-output>
  <suite started-at="2021-09-27T17:23:03 ART" name="Default suite" finished-at="2021-09-27T17:23:03 ART" duration-ms="41">
    <groups>
    </groups>
    <test started-at="2021-09-27T17:23:03 ART" name="Default test" finished-at="2021-09-27T17:23:03 ART" duration-ms="41">
      <class name="demo.DemoAnnotations">
        <test-method signature="softAssert()[pri:0, instance:demo.DemoAnnotations@124c278f]" started-at="2021-09-27T17:23:03 ART" name="softAssert" finished-at="2021-09-27T17:23:03 ART" duration-ms="12" status="PASS">
          <reporter-output>
          </reporter-output>
        </test-method> <!-- softAssert -->
      </class> <!-- demo.DemoAnnotations -->
    </test> <!-- Default test -->
  </suite> <!-- Default suite -->
</testng-results>
